<?xml version="1.0" encoding="UTF-8"?>
<!-- Generated by org.testng.reporters.JUnitReportReporter -->
<testsuite skipped="0" hostname="DESKTOP-DEJB7OM" name="com.application.testsuites.RegressionSuite" tests="2" failures="0" timestamp="01 Aug 2021 10:26:11 GMT" time="3.624" errors="0">
  <testcase name="verifyUserLogin" time="3.083" classname="com.application.testsuites.RegressionSuite"/>
  <testcase name="verifyUserLogin" time="0.541" classname="com.application.testsuites.RegressionSuite"/>
</testsuite> <!-- com.application.testsuites.RegressionSuite -->
